<?xml version="1.0" encoding="UTF-8"?>
<!-- Generated by org.testng.reporters.JUnitXMLReporter -->
<testsuite ignored="1" hostname="LAPTOP-UQUN4SJ5" failures="1" tests="1" name="Default test(failed)" time="1.919" errors="0" timestamp="13 May 2022 13:24:21 GMT">
  <testcase classname="mytest.GoogleTest" name="currentURLTest" time="0.009">
    <failure type="java.lang.AssertionError" message="expected [true] but found [false]">
      <![CDATA[java.lang.AssertionError: expected [true] but found [false]
at mytest.GoogleTest.currentURLTest(GoogleTest.java:22)
... Removed 29 stack frames]]>
    </failure>
  </testcase> <!-- currentURLTest -->
  <testcase classname="mytest.GoogleTest" name="titleTest" time="0.0">
    <ignored/>
  </testcase> <!-- titleTest -->
</testsuite> <!-- Default test(failed) -->
